May 12 13:41:28.718 INFO Paxos component pid: 4 created!
May 12 13:41:30.048 DEBG Newly elected leader: Ballot { n: 0, priority: 0, pid: 5 }
83 TRCE Heartbeat request from 5
May 12 13:41:28.958 TRCE Heartbeat request from 1
May 12 13:41:29.403 TRCE Heartbeat request from 3
May 12 13:41:29.454 TRCE Heartbeat request from 5
May 12 13:41:29.490 TRCE Heartbeat request from 2
May 12 13:41:29.522 TRCE Heartbeat timeout round: 0
May 12 13:41:29.540 WARN Did not receive a majority of heartbeats []
May 12 13:41:29.546 TRCE Initiate new heartbeat round: 1
May 12 13:41:29.567 TRCE Heartbeat request from 1
May 12 13:41:29.574 TRCE Heartbeat request from 3
May 12 13:41:30.020 TRCE Heartbeat request from 2
May 12 13:41:30.024 TRCE Heartbeat request from 5
May 12 13:41:30.040 TRCE Heartbeat request from 1
May 12 13:41:30.051 TRCE Heartbeat timeout round: 1
May 12 13:41:30.059 DEBG Received a majority of heartbeats [(Ballot { n: 0, priority: 0, pid: 5 }, true), (Ballot { n: 0, priority: 0, pid: 1 }, true), (Ballot { n: 0, priority: 0, pid: 2 }, true), (Ballot { n: 0, priority: 0, pid: 3 }, true)]
May 12 13:41:30.066 DEBG BLE 4, New Leader elected: Ballot { n: 0, priority: 0, pid: 5 }
May 12 13:41:30.069 TRCE Initiate new heartbeat round: 2
May 12 13:41:30.150 TRCE Heartbeat request from 3
May 12 13:41:30.309 TRCE Heartbeat request from 2
May 12 13:41:30.631 TRCE Heartbeat timeout round: 2
May 12 13:41:30.636 DEBG Received a majority of heartbeats [(Ballot { n: 0, priority: 0, pid: 3 }, true), (Ballot { n: 0, priority: 0, pid: 1 }, true), (Ballot { n: 0, priority: 0, pid: 2 }, true), (Ballot { n: 0, priority: 0, pid: 5 }, true)]
May 12 13:41:30.639 TRCE Initiate new heartbeat round: 3
May 12 13:41:30.641 TRCE Heartbeat request from 3
May 12 13:41:30.713 TRCE Heartbeat request from 5
May 12 13:41:30.749 TRCE Heartbeat request from 1
May 12 13:41:31.218 TRCE Heartbeat request from 2
May 12 13:41:31.221 TRCE Heartbeat timeout round: 3
May 12 13:41:31.228 DEBG Received a majority of heartbeats [(Ballot { n: 0, priority: 0, pid: 3 }, true), (Ballot { n: 0, priority: 0, pid: 2 }, true), (Ballot { n: 0, priority: 0, pid: 5 }, true), (Ballot { n: 0, priority: 0, pid: 1 }, true)]
May 12 13:41:31.233 TRCE Initiate new heartbeat round: 4
May 12 13:41:31.310 TRCE Heartbeat request from 5
May 12 13:41:31.351 TRCE Heartbeat request from 1
May 12 13:41:31.365 TRCE Heartbeat request from 3
May 12 13:41:31.716 TRCE Heartbeat request from 5
May 12 13:41:31.734 TRCE Heartbeat request from 1
May 12 13:41:31.749 TRCE Heartbeat request from 2
May 12 13:41:31.801 TRCE Heartbeat timeout round: 4
May 12 13:41:31.805 DEBG Received a majority of heartbeats [(Ballot { n: 0, priority: 0, pid: 2 }, true), (Ballot { n: 0, priority: 0, pid: 5 }, true), (Ballot { n: 0, priority: 0, pid: 1 }, true), (Ballot { n: 0, priority: 0, pid: 3 }, true)]
May 12 13:41:31.807 TRCE Initiate new heartbeat round: 5
May 12 13:41:32.264 TRCE Heartbeat request from 3
May 12 13:41:32.268 TRCE Heartbeat request from 2
May 12 13:41:32.271 TRCE Heartbeat request from 5
May 12 13:41:32.635 TRCE Heartbeat timeout round: 5
May 12 13:41:32.644 DEBG Received a majority of heartbeats [(Ballot { n: 0, priority: 0, pid: 3 }, true), (Ballot { n: 0, priority: 0, pid: 5 }, true), (Ballot { n: 0, priority: 0, pid: 1 }, true), (Ballot { n: 0, priority: 0, pid: 2 }, true)]
May 12 13:41:32.670 TRCE Initiate new heartbeat round: 6
May 12 13:41:32.682 TRCE Heartbeat request from 3
May 12 13:41:32.685 TRCE Heartbeat request from 1
May 12 13:41:33.066 TRCE Heartbeat request from 2
May 12 13:41:33.069 TRCE Heartbeat request from 1
May 12 13:41:33.074 TRCE Heartbeat timeout round: 6
May 12 13:41:33.078 DEBG Received a majority of heartbeats [(Ballot { n: 0, priority: 0, pid: 1 }, true), (Ballot { n: 0, priority: 0, pid: 5 }, true), (Ballot { n: 0, priority: 0, pid: 2 }, true), (Ballot { n: 0, priority: 0, pid: 3 }, true)]
May 12 13:41:33.090 TRCE Initiate new heartbeat round: 7
May 12 13:41:33.382 TRCE Heartbeat request from 5
May 12 13:41:33.387 TRCE Heartbeat request from 3
May 12 13:41:33.398 TRCE Heartbeat request from 2
May 12 13:41:33.845 TRCE Heartbeat request from 1
May 12 13:41:33.849 TRCE Heartbeat timeout round: 7
May 12 13:41:33.865 DEBG Received a majority of heartbeats [(Ballot { n: 0, priority: 0, pid: 1 }, true), (Ballot { n: 0, priority: 0, pid: 5 }, true), (Ballot { n: 0, priority: 0, pid: 3 }, true), (Ballot { n: 0, priority: 0, pid: 2 }, true)]
May 12 13:41:33.867 TRCE Initiate new heartbeat round: 8
May 12 13:41:33.877 TRCE Heartbeat request from 5
May 12 13:41:33.881 TRCE Heartbeat request from 3
May 12 13:41:33.953 TRCE Heartbeat request from 2
May 12 13:41:34.142 TRCE Heartbeat request from 5
May 12 13:41:34.666 TRCE Heartbeat request from 1
May 12 13:41:34.707 TRCE Heartbeat timeout round: 8
May 12 13:41:34.730 DEBG Received a majority of heartbeats [(Ballot { n: 0, priority: 0, pid: 1 }, true), (Ballot { n: 0, priority: 0, pid: 2 }, true), (Ballot { n: 0, priority: 0, pid: 3 }, true), (Ballot { n: 0, priority: 0, pid: 5 }, true)]
May 12 13:41:34.743 TRCE Initiate new heartbeat round: 9
May 12 13:41:34.760 TRCE Heartbeat request from 3
May 12 13:41:34.776 TRCE Heartbeat request from 2
May 12 13:41:35.010 TRCE Heartbeat timeout round: 9
May 12 13:41:35.023 DEBG Received a majority of heartbeats [(Ballot { n: 0, priority: 0, pid: 2 }, true), (Ballot { n: 0, priority: 0, pid: 1 }, true), (Ballot { n: 0, priority: 0, pid: 5 }, true)]
May 12 13:41:35.031 TRCE Initiate new heartbeat round: 10
May 12 13:41:35.033 WARN Got late response, round 10, current delay 20, ballot Ballot { n: 0, priority: 0, pid: 3 }
May 12 13:41:35.083 TRCE Heartbeat request from 1
May 12 13:41:35.099 TRCE Heartbeat request from 5
May 12 13:41:35.476 TRCE Heartbeat request from 2
May 12 13:41:35.479 TRCE Heartbeat request from 3
May 12 13:41:35.481 TRCE Heartbeat request from 5
May 12 13:41:35.509 TRCE Heartbeat request from 1
May 12 13:41:35.598 TRCE Heartbeat timeout round: 10
May 12 13:41:35.602 DEBG Received a majority of heartbeats [(Ballot { n: 0, priority: 0, pid: 5 }, true), (Ballot { n: 0, priority: 0, pid: 1 }, true), (Ballot { n: 0, priority: 0, pid: 2 }, true), (Ballot { n: 0, priority: 0, pid: 3 }, true)]
May 12 13:41:35.605 TRCE Initiate new heartbeat round: 11
May 12 13:41:35.690 TRCE Heartbeat request from 3
May 12 13:41:36.466 TRCE Heartbeat request from 2
May 12 13:41:36.470 TRCE Heartbeat timeout round: 11
May 12 13:41:36.476 DEBG Received a majority of heartbeats [(Ballot { n: 0, priority: 0, pid: 2 }, true), (Ballot { n: 0, priority: 0, pid: 3 }, true), (Ballot { n: 0, priority: 0, pid: 1 }, true), (Ballot { n: 0, priority: 0, pid: 5 }, true)]
May 12 13:41:36.483 TRCE Initiate new heartbeat round: 12
May 12 13:41:36.489 TRCE Heartbeat request from 1
May 12 13:41:36.492 TRCE Heartbeat request from 5
May 12 13:41:36.776 TRCE Heartbeat request from 3
May 12 13:41:36.779 TRCE Heartbeat request from 2
May 12 13:41:36.782 TRCE Heartbeat request from 5
May 12 13:41:36.830 TRCE Heartbeat request from 1
May 12 13:41:36.856 TRCE Heartbeat timeout round: 12
May 12 13:41:36.875 DEBG Received a majority of heartbeats [(Ballot { n: 0, priority: 0, pid: 5 }, true), (Ballot { n: 0, priority: 0, pid: 1 }, true), (Ballot { n: 0, priority: 0, pid: 3 }, true), (Ballot { n: 0, priority: 0, pid: 2 }, true)]
May 12 13:41:36.885 TRCE Initiate new heartbeat round: 13
May 12 13:41:37.148 TRCE Heartbeat request from 3
May 12 13:41:37.267 TRCE Heartbeat request from 2
May 12 13:41:37.641 TRCE Heartbeat request from 1
May 12 13:41:37.645 TRCE Heartbeat timeout round: 13
May 12 13:41:37.650 DEBG Received a majority of heartbeats [(Ballot { n: 0, priority: 0, pid: 5 }, true), (Ballot { n: 0, priority: 0, pid: 2 }, true), (Ballot { n: 0, priority: 0, pid: 1 }, true), (Ballot { n: 0, priority: 0, pid: 3 }, true)]
May 12 13:41:37.652 TRCE Initiate new heartbeat round: 14
May 12 13:41:37.660 TRCE Heartbeat request from 5
May 12 13:41:37.983 TRCE Heartbeat request from 3
May 12 13:41:37.986 TRCE Heartbeat request from 2
May 12 13:41:37.990 TRCE Heartbeat request from 5
May 12 13:41:37.998 TRCE Heartbeat request from 1
May 12 13:41:38.072 TRCE Heartbeat timeout round: 14
May 12 13:41:38.077 DEBG Received a majority of heartbeats [(Ballot { n: 0, priority: 0, pid: 1 }, true), (Ballot { n: 0, priority: 0, pid: 5 }, true), (Ballot { n: 0, priority: 0, pid: 3 }, true), (Ballot { n: 0, priority: 0, pid: 2 }, true)]
May 12 13:41:38.080 TRCE Initiate new heartbeat round: 15
May 12 13:41:38.170 TRCE Heartbeat request from 3
May 12 13:41:38.470 TRCE Heartbeat request from 2
May 12 13:41:38.592 TRCE Heartbeat request from 1
May 12 13:41:38.688 TRCE Heartbeat timeout round: 15
May 12 13:41:38.705 DEBG Received a majority of heartbeats [(Ballot { n: 0, priority: 0, pid: 3 }, true), (Ballot { n: 0, priority: 0, pid: 1 }, true), (Ballot { n: 0, priority: 0, pid: 2 }, true), (Ballot { n: 0, priority: 0, pid: 5 }, true)]
May 12 13:41:38.710 TRCE Initiate new heartbeat round: 16
May 12 13:41:38.718 TRCE Heartbeat request from 5
May 12 13:41:38.752 TRCE Heartbeat request from 3
May 12 13:41:39.115 TRCE Heartbeat request from 2
May 12 13:41:39.301 TRCE Heartbeat timeout round: 16
May 12 13:41:39.305 DEBG Received a majority of heartbeats [(Ballot { n: 0, priority: 0, pid: 3 }, true), (Ballot { n: 0, priority: 0, pid: 5 }, true), (Ballot { n: 0, priority: 0, pid: 2 }, true), (Ballot { n: 0, priority: 0, pid: 1 }, true)]
May 12 13:41:39.307 TRCE Initiate new heartbeat round: 17
May 12 13:41:39.340 TRCE Heartbeat request from 5
May 12 13:41:39.369 TRCE Heartbeat request from 1
May 12 13:41:39.456 TRCE Heartbeat request from 3
May 12 13:41:39.794 TRCE Heartbeat request from 2
May 12 13:41:39.797 TRCE Heartbeat request from 5
May 12 13:41:40.135 TRCE Heartbeat request from 1
May 12 13:41:40.138 TRCE Heartbeat timeout round: 17
May 12 13:41:40.143 DEBG Received a majority of heartbeats [(Ballot { n: 0, priority: 0, pid: 5 }, true), (Ballot { n: 0, priority: 0, pid: 1 }, true), (Ballot { n: 0, priority: 0, pid: 3 }, true), (Ballot { n: 0, priority: 0, pid: 2 }, true)]
May 12 13:41:40.145 TRCE Initiate new heartbeat round: 18
May 12 13:41:40.152 TRCE Heartbeat request from 3
May 12 13:41:40.344 TRCE Heartbeat request from 2
May 12 13:41:40.428 TRCE Heartbeat request from 5
May 12 13:41:40.534 TRCE Heartbeat timeout round: 18
May 12 13:41:40.538 DEBG Received a majority of heartbeats [(Ballot { n: 0, priority: 0, pid: 1 }, true), (Ballot { n: 0, priority: 0, pid: 2 }, true), (Ballot { n: 0, priority: 0, pid: 3 }, true), (Ballot { n: 0, priority: 0, pid: 5 }, true)]
May 12 13:41:40.540 TRCE Initiate new heartbeat round: 19
May 12 13:41:40.728 TRCE Heartbeat request from 1
May 12 13:41:40.817 TRCE Heartbeat request from 2
May 12 13:41:40.877 TRCE Heartbeat request from 3
May 12 13:41:41.429 TRCE Heartbeat timeout round: 19
May 12 13:41:41.437 DEBG Received a majority of heartbeats [(Ballot { n: 0, priority: 0, pid: 1 }, true), (Ballot { n: 0, priority: 0, pid: 5 }, true), (Ballot { n: 0, priority: 0, pid: 2 }, true), (Ballot { n: 0, priority: 0, pid: 3 }, true)]
May 12 13:41:41.451 TRCE Initiate new heartbeat round: 20
May 12 13:41:41.463 TRCE Heartbeat request from 1
May 12 13:41:41.465 TRCE Heartbeat request from 5
May 12 13:41:41.473 TRCE Heartbeat request from 3
May 12 13:41:41.830 TRCE Heartbeat request from 1
May 12 13:41:41.833 TRCE Heartbeat request from 2
May 12 13:41:41.837 TRCE Heartbeat timeout round: 20
May 12 13:41:41.842 DEBG Received a majority of heartbeats [(Ballot { n: 0, priority: 0, pid: 5 }, true), (Ballot { n: 0, priority: 0, pid: 3 }, true), (Ballot { n: 0, priority: 0, pid: 1 }, true), (Ballot { n: 0, priority: 0, pid: 2 }, true)]
May 12 13:41:41.853 TRCE Initiate new heartbeat round: 21
May 12 13:41:41.907 TRCE Heartbeat request from 5
May 12 13:41:42.323 TRCE Heartbeat request from 3
May 12 13:41:42.327 TRCE Heartbeat request from 2
May 12 13:41:42.392 TRCE Heartbeat timeout round: 21
May 12 13:41:42.407 DEBG Received a majority of heartbeats [(Ballot { n: 0, priority: 0, pid: 5 }, true), (Ballot { n: 0, priority: 0, pid: 1 }, true), (Ballot { n: 0, priority: 0, pid: 2 }, true), (Ballot { n: 0, priority: 0, pid: 3 }, true)]
May 12 13:41:42.412 TRCE Initiate new heartbeat round: 22
May 12 13:41:42.667 TRCE Heartbeat request from 3
May 12 13:41:42.671 TRCE Heartbeat request from 1
May 12 13:41:42.675 TRCE Heartbeat request from 5
May 12 13:41:42.738 TRCE Heartbeat request from 2
May 12 13:41:43.070 TRCE Heartbeat request from 5
May 12 13:41:43.077 TRCE Heartbeat request from 1
May 12 13:41:43.084 TRCE Heartbeat timeout round: 22
May 12 13:41:43.090 DEBG Received a majority of heartbeats [(Ballot { n: 0, priority: 0, pid: 3 }, true), (Ballot { n: 0, priority: 0, pid: 1 }, true), (Ballot { n: 0, priority: 0, pid: 5 }, true), (Ballot { n: 0, priority: 0, pid: 2 }, true)]
May 12 13:41:43.092 TRCE Initiate new heartbeat round: 23
May 12 13:41:43.134 TRCE Heartbeat request from 3
May 12 13:41:43.528 TRCE Heartbeat request from 2
May 12 13:41:43.567 TRCE Heartbeat request from 1
May 12 13:41:43.620 TRCE Heartbeat timeout round: 23
May 12 13:41:43.628 DEBG Received a majority of heartbeats [(Ballot { n: 0, priority: 0, pid: 1 }, true), (Ballot { n: 0, priority: 0, pid: 3 }, true), (Ballot { n: 0, priority: 0, pid: 2 }, true)]
May 12 13:41:43.631 TRCE Initiate new heartbeat round: 24
